INFO 11/28/2020 22:16:08.468: task recieved: 0_M0 of job: 0
INFO 11/28/2020 22:16:11.965: task recieved: 2_M0 of job: 2
INFO 11/28/2020 22:16:13.463: task completed: 0_M0 of job: 0
INFO 11/28/2020 22:16:13.464: task completed: 2_M0 of job: 2
INFO 11/28/2020 22:16:14.472: task recieved: 2_R0 of job: 2
INFO 11/28/2020 22:16:14.475: task recieved: 4_M2 of job: 4
INFO 11/28/2020 22:16:14.476: task recieved: 4_M3 of job: 4
INFO 11/28/2020 22:16:14.477: task recieved: 5_M1 of job: 5
INFO 11/28/2020 22:16:15.550: task recieved: 6_M0 of job: 6
INFO 11/28/2020 22:16:15.551: task recieved: 6_M2 of job: 6
INFO 11/28/2020 22:16:16.468: task completed: 5_M1 of job: 5
INFO 11/28/2020 22:16:17.470: task completed: 2_R0 of job: 2
INFO 11/28/2020 22:16:17.560: task recieved: 5_R1 of job: 5
INFO 11/28/2020 22:16:18.472: task completed: 4_M3 of job: 4
INFO 11/28/2020 22:16:18.568: task recieved: 9_M1 of job: 9
INFO 11/28/2020 22:16:18.569: task recieved: 3_R0 of job: 3
INFO 11/28/2020 22:16:18.790: task recieved: 10_M1 of job: 10
INFO 11/28/2020 22:16:19.474: task completed: 4_M2 of job: 4
INFO 11/28/2020 22:16:19.474: task completed: 6_M0 of job: 6
INFO 11/28/2020 22:16:19.474: task completed: 5_R1 of job: 5
INFO 11/28/2020 22:16:19.794: task recieved: 11_M0 of job: 11
INFO 11/28/2020 22:16:19.795: task recieved: 4_R0 of job: 4
INFO 11/28/2020 22:16:20.476: task completed: 6_M2 of job: 6
INFO 11/28/2020 22:16:21.478: task completed: 3_R0 of job: 3
INFO 11/28/2020 22:16:22.481: task completed: 9_M1 of job: 9
INFO 11/28/2020 22:16:22.482: task completed: 10_M1 of job: 10
INFO 11/28/2020 22:16:22.482: task completed: 11_M0 of job: 11
INFO 11/28/2020 22:16:22.487: task recieved: 6_R1 of job: 6
INFO 11/28/2020 22:16:22.489: task recieved: 7_R1 of job: 7
INFO 11/28/2020 22:16:22.492: task recieved: 12_M0 of job: 12
INFO 11/28/2020 22:16:23.484: task completed: 4_R0 of job: 4
INFO 11/28/2020 22:16:23.495: task recieved: 12_M2 of job: 12
INFO 11/28/2020 22:16:23.499: task recieved: 12_M3 of job: 12
INFO 11/28/2020 22:16:24.123: task recieved: 13_M0 of job: 13
INFO 11/28/2020 22:16:24.125: task recieved: 13_M2 of job: 13
INFO 11/28/2020 22:16:24.486: task completed: 7_R1 of job: 7
INFO 11/28/2020 22:16:25.487: task completed: 12_M3 of job: 12
INFO 11/28/2020 22:16:26.377: task recieved: 14_M0 of job: 14
INFO 11/28/2020 22:16:26.380: task recieved: 14_M2 of job: 14
INFO 11/28/2020 22:16:26.489: task completed: 12_M0 of job: 12
INFO 11/28/2020 22:16:26.490: task completed: 13_M2 of job: 13
INFO 11/28/2020 22:16:27.382: task recieved: 16_M0 of job: 16
INFO 11/28/2020 22:16:27.492: task completed: 6_R1 of job: 6
INFO 11/28/2020 22:16:27.493: task completed: 12_M2 of job: 12
INFO 11/28/2020 22:16:27.493: task completed: 13_M0 of job: 13
INFO 11/28/2020 22:16:28.384: task recieved: 17_M0 of job: 17
INFO 11/28/2020 22:16:29.384: task recieved: 19_M0 of job: 19
INFO 11/28/2020 22:16:29.385: task recieved: 12_R0 of job: 12
INFO 11/28/2020 22:16:29.385: task recieved: 13_R0 of job: 13
INFO 11/28/2020 22:16:29.494: task completed: 14_M2 of job: 14
INFO 11/28/2020 22:16:29.495: task completed: 16_M0 of job: 16
INFO 11/28/2020 22:16:30.388: task recieved: 13_R1 of job: 13
INFO 11/28/2020 22:16:30.389: task recieved: 16_R0 of job: 16
INFO 11/28/2020 22:16:30.496: task completed: 14_M0 of job: 14
INFO 11/28/2020 22:16:31.498: task completed: 12_R0 of job: 12
INFO 11/28/2020 22:16:32.263: task recieved: 15_R0 of job: 15
INFO 11/28/2020 22:16:32.500: task completed: 17_M0 of job: 17
INFO 11/28/2020 22:16:32.501: task completed: 13_R0 of job: 13
INFO 11/28/2020 22:16:32.501: task completed: 13_R1 of job: 13
INFO 11/28/2020 22:16:33.510: task completed: 19_M0 of job: 19
INFO 11/28/2020 22:16:33.510: task completed: 15_R0 of job: 15
INFO 11/28/2020 22:16:34.512: task completed: 16_R0 of job: 16
INFO 11/28/2020 22:21:41.545: shutting down worker
