INFO 2020-11-30 00:47:09.263: listener thread spawned successfully
INFO 2020-11-30 00:47:09.263: task thread spawned successfully
INFO 2020-11-30 00:47:09.263: update thread spawned successfully
INFO 2020-11-30 00:47:49.899: task recieved: 1_M1 of job: 1
SUCCESS_TASK 2020-11-30 00:47:52.302: task completed: 1_M1 of job: 1
INFO 2020-11-30 00:47:52.307: task recieved: 1_R0 of job: 1
INFO 2020-11-30 00:47:52.637: task recieved: 0_R0 of job: 0
INFO 2020-11-30 00:47:54.642: task recieved: 2_R0 of job: 2
INFO 2020-11-30 00:47:55.156: task recieved: 4_M2 of job: 4
SUCCESS_TASK 2020-11-30 00:47:56.307: task completed: 0_R0 of job: 0
INFO 2020-11-30 00:47:57.158: task recieved: 5_M0 of job: 5
SUCCESS_TASK 2020-11-30 00:47:58.310: task completed: 1_R0 of job: 1
SUCCESS_TASK 2020-11-30 00:47:58.310: task completed: 2_R0 of job: 2
SUCCESS_TASK 2020-11-30 00:47:59.312: task completed: 5_M0 of job: 5
INFO 2020-11-30 00:47:59.508: task recieved: 3_R0 of job: 3
INFO 2020-11-30 00:47:59.511: task recieved: 5_R1 of job: 5
INFO 2020-11-30 00:47:59.743: task recieved: 10_M2 of job: 10
INFO 2020-11-30 00:47:59.772: task recieved: 11_M0 of job: 11
SUCCESS_TASK 2020-11-30 00:48:00.315: task completed: 4_M2 of job: 4
SUCCESS_TASK 2020-11-30 00:48:01.317: task completed: 5_R1 of job: 5
INFO 2020-11-30 00:48:01.326: task recieved: 4_R0 of job: 4
INFO 2020-11-30 00:48:01.326: task recieved: 7_R1 of job: 7
SUCCESS_TASK 2020-11-30 00:48:02.318: task completed: 3_R0 of job: 3
SUCCESS_TASK 2020-11-30 00:48:02.318: task completed: 10_M2 of job: 10
SUCCESS_TASK 2020-11-30 00:48:02.319: task completed: 11_M0 of job: 11
SUCCESS_TASK 2020-11-30 00:48:03.320: task completed: 7_R1 of job: 7
INFO 2020-11-30 00:48:03.661: task recieved: 11_R0 of job: 11
INFO 2020-11-30 00:48:03.665: task recieved: 12_M0 of job: 12
INFO 2020-11-30 00:48:03.673: task recieved: 12_M2 of job: 12
INFO 2020-11-30 00:48:03.688: task recieved: 9_R0 of job: 9
SUCCESS_TASK 2020-11-30 00:48:05.324: task completed: 4_R0 of job: 4
INFO 2020-11-30 00:48:06.073: task recieved: 14_M2 of job: 14
SUCCESS_TASK 2020-11-30 00:48:06.326: task completed: 11_R0 of job: 11
SUCCESS_TASK 2020-11-30 00:48:07.326: task completed: 12_M0 of job: 12
SUCCESS_TASK 2020-11-30 00:48:07.327: task completed: 12_M2 of job: 12
INFO 2020-11-30 00:48:08.080: task recieved: 15_M2 of job: 15
INFO 2020-11-30 00:48:08.083: task recieved: 15_M3 of job: 15
INFO 2020-11-30 00:48:08.087: task recieved: 17_M0 of job: 17
SUCCESS_TASK 2020-11-30 00:48:08.328: task completed: 9_R0 of job: 9
INFO 2020-11-30 00:48:09.087: task recieved: 18_M0 of job: 18
SUCCESS_TASK 2020-11-30 00:48:09.332: task completed: 14_M2 of job: 14
INFO 2020-11-30 00:48:10.087: task recieved: 12_R1 of job: 12
SUCCESS_TASK 2020-11-30 00:48:10.334: task completed: 15_M2 of job: 15
INFO 2020-11-30 00:48:11.094: task recieved: 22_M0 of job: 22
SUCCESS_TASK 2020-11-30 00:48:11.335: task completed: 12_R1 of job: 12
SUCCESS_TASK 2020-11-30 00:48:12.337: task completed: 15_M3 of job: 15
SUCCESS_TASK 2020-11-30 00:48:12.337: task completed: 17_M0 of job: 17
SUCCESS_TASK 2020-11-30 00:48:12.338: task completed: 18_M0 of job: 18
SUCCESS_TASK 2020-11-30 00:48:12.338: task completed: 22_M0 of job: 22
INFO 2020-11-30 00:48:13.098: task recieved: 24_M0 of job: 24
INFO 2020-11-30 00:48:13.099: task recieved: 24_M1 of job: 24
INFO 2020-11-30 00:48:13.099: task recieved: 24_M2 of job: 24
INFO 2020-11-30 00:48:14.100: task recieved: 24_M3 of job: 24
INFO 2020-11-30 00:48:14.101: task recieved: 25_M0 of job: 25
SUCCESS_TASK 2020-11-30 00:48:15.342: task completed: 24_M0 of job: 24
SUCCESS_TASK 2020-11-30 00:48:15.342: task completed: 24_M1 of job: 24
INFO 2020-11-30 00:48:16.104: task recieved: 25_M3 of job: 25
INFO 2020-11-30 00:48:16.105: task recieved: 14_R0 of job: 14
SUCCESS_TASK 2020-11-30 00:48:16.342: task completed: 24_M3 of job: 24
SUCCESS_TASK 2020-11-30 00:48:16.343: task completed: 25_M0 of job: 25
SUCCESS_TASK 2020-11-30 00:48:17.344: task completed: 24_M2 of job: 24
SUCCESS_TASK 2020-11-30 00:48:18.346: task completed: 14_R0 of job: 14
SUCCESS_TASK 2020-11-30 00:48:19.348: task completed: 25_M3 of job: 25
INFO 2020-11-30 00:48:20.112: task recieved: 26_M3 of job: 26
INFO 2020-11-30 00:48:20.113: task recieved: 27_M0 of job: 27
INFO 2020-11-30 00:48:20.114: task recieved: 15_R0 of job: 15
INFO 2020-11-30 00:48:20.114: task recieved: 15_R1 of job: 15
INFO 2020-11-30 00:48:21.113: task recieved: 17_R1 of job: 17
SUCCESS_TASK 2020-11-30 00:48:21.350: task completed: 27_M0 of job: 27
SUCCESS_TASK 2020-11-30 00:48:21.351: task completed: 15_R0 of job: 15
SUCCESS_TASK 2020-11-30 00:48:21.351: task completed: 15_R1 of job: 15
INFO 2020-11-30 00:48:22.127: task recieved: 20_R1 of job: 20
INFO 2020-11-30 00:48:22.128: task recieved: 28_M1 of job: 28
INFO 2020-11-30 00:48:22.133: task recieved: 30_M0 of job: 30
SUCCESS_TASK 2020-11-30 00:48:23.356: task completed: 26_M3 of job: 26
INFO 2020-11-30 00:48:24.142: task recieved: 31_M2 of job: 31
SUCCESS_TASK 2020-11-30 00:48:24.358: task completed: 17_R1 of job: 17
INFO 2020-11-30 00:48:25.159: task recieved: 32_M1 of job: 32
SUCCESS_TASK 2020-11-30 00:48:25.360: task completed: 20_R1 of job: 20
SUCCESS_TASK 2020-11-30 00:48:25.360: task completed: 28_M1 of job: 28
INFO 2020-11-30 00:48:26.162: task recieved: 33_M0 of job: 33
SUCCESS_TASK 2020-11-30 00:48:26.362: task completed: 30_M0 of job: 30
INFO 2020-11-30 00:48:27.164: task recieved: 33_M1 of job: 33
INFO 2020-11-30 00:48:27.165: task recieved: 33_M3 of job: 33
SUCCESS_TASK 2020-11-30 00:48:27.364: task completed: 32_M1 of job: 32
INFO 2020-11-30 00:48:28.167: task recieved: 24_R0 of job: 24
SUCCESS_TASK 2020-11-30 00:48:28.367: task completed: 31_M2 of job: 31
SUCCESS_TASK 2020-11-30 00:48:28.368: task completed: 33_M3 of job: 33
INFO 2020-11-30 00:48:29.172: task recieved: 27_R0 of job: 27
SUCCESS_TASK 2020-11-30 00:48:29.370: task completed: 33_M0 of job: 33
SUCCESS_TASK 2020-11-30 00:48:30.372: task completed: 27_R0 of job: 27
INFO 2020-11-30 00:48:31.179: task recieved: 26_R0 of job: 26
SUCCESS_TASK 2020-11-30 00:48:31.373: task completed: 33_M1 of job: 33
SUCCESS_TASK 2020-11-30 00:48:31.373: task completed: 24_R0 of job: 24
INFO 2020-11-30 00:48:32.183: task recieved: 38_M1 of job: 38
SUCCESS_TASK 2020-11-30 00:48:32.374: task completed: 26_R0 of job: 26
INFO 2020-11-30 00:48:33.189: task recieved: 30_R1 of job: 30
INFO 2020-11-30 00:48:33.189: task recieved: 29_R0 of job: 29
SUCCESS_TASK 2020-11-30 00:48:33.377: task completed: 38_M1 of job: 38
SUCCESS_TASK 2020-11-30 00:48:34.378: task completed: 30_R1 of job: 30
SUCCESS_TASK 2020-11-30 00:48:35.381: task completed: 29_R0 of job: 29
INFO 2020-11-30 00:48:37.200: task recieved: 34_R0 of job: 34
INFO 2020-11-30 00:48:37.200: task recieved: 33_R0 of job: 33
INFO 2020-11-30 00:48:37.201: task recieved: 36_R1 of job: 36
INFO 2020-11-30 00:48:37.201: task recieved: 35_R0 of job: 35
INFO 2020-11-30 00:48:38.207: task recieved: 39_R0 of job: 39
SUCCESS_TASK 2020-11-30 00:48:38.383: task completed: 34_R0 of job: 34
SUCCESS_TASK 2020-11-30 00:48:38.383: task completed: 36_R1 of job: 36
INFO 2020-11-30 00:48:39.207: task recieved: 38_R0 of job: 38
SUCCESS_TASK 2020-11-30 00:48:39.386: task completed: 39_R0 of job: 39
INFO 2020-11-30 00:48:40.213: task recieved: 37_R1 of job: 37
SUCCESS_TASK 2020-11-30 00:48:40.387: task completed: 38_R0 of job: 38
SUCCESS_TASK 2020-11-30 00:48:41.389: task completed: 33_R0 of job: 33
SUCCESS_TASK 2020-11-30 00:48:41.390: task completed: 35_R0 of job: 35
SUCCESS_TASK 2020-11-30 00:48:42.392: task completed: 37_R1 of job: 37
INFO 2020-11-30 00:48:52.681: shutting down worker
