INFO 11/28/2020 22:16:08.949: task recieved: 1_M0 of job: 1
INFO 11/28/2020 22:16:10.773: task completed: 1_M0 of job: 1
INFO 11/28/2020 22:16:13.288: task recieved: 3_M0 of job: 3
INFO 11/28/2020 22:16:13.289: task recieved: 3_M1 of job: 3
INFO 11/28/2020 22:16:13.469: task recieved: 0_R0 of job: 0
INFO 11/28/2020 22:16:16.779: task completed: 3_M0 of job: 3
INFO 11/28/2020 22:16:16.780: task completed: 0_R0 of job: 0
INFO 11/28/2020 22:16:17.782: task completed: 3_M1 of job: 3
INFO 11/28/2020 22:16:19.793: task recieved: 10_M2 of job: 10
INFO 11/28/2020 22:16:19.797: task recieved: 4_R1 of job: 4
INFO 11/28/2020 22:16:21.484: task recieved: 6_R0 of job: 6
INFO 11/28/2020 22:16:22.788: task completed: 10_M2 of job: 10
INFO 11/28/2020 22:16:22.788: task completed: 4_R1 of job: 4
INFO 11/28/2020 22:16:22.789: task completed: 6_R0 of job: 6
INFO 11/28/2020 22:16:23.496: task recieved: 12_M1 of job: 12
INFO 11/28/2020 22:16:23.498: task recieved: 11_R0 of job: 11
INFO 11/28/2020 22:16:24.124: task recieved: 13_M1 of job: 13
INFO 11/28/2020 22:16:25.791: task completed: 12_M1 of job: 12
INFO 11/28/2020 22:16:25.791: task completed: 11_R0 of job: 11
INFO 11/28/2020 22:16:25.793: task completed: 13_M1 of job: 13
INFO 11/28/2020 22:16:26.381: task recieved: 14_M3 of job: 14
INFO 11/28/2020 22:16:26.381: task recieved: 15_M0 of job: 15
INFO 11/28/2020 22:16:26.382: task recieved: 15_M1 of job: 15
INFO 11/28/2020 22:16:28.797: task completed: 14_M3 of job: 14
INFO 11/28/2020 22:16:28.797: task completed: 15_M1 of job: 15
INFO 11/28/2020 22:16:29.385: task recieved: 12_R1 of job: 12
INFO 11/28/2020 22:16:29.800: task completed: 15_M0 of job: 15
INFO 11/28/2020 22:16:30.498: task recieved: 14_R0 of job: 14
INFO 11/28/2020 22:16:30.800: task completed: 12_R1 of job: 12
INFO 11/28/2020 22:16:32.265: task recieved: 15_R1 of job: 15
INFO 11/28/2020 22:16:32.510: task recieved: 17_R0 of job: 17
INFO 11/28/2020 22:16:32.803: task completed: 14_R0 of job: 14
INFO 11/28/2020 22:16:33.517: task recieved: 19_R0 of job: 19
INFO 11/28/2020 22:16:33.805: task completed: 15_R1 of job: 15
INFO 11/28/2020 22:16:35.810: task completed: 19_R0 of job: 19
INFO 11/28/2020 22:16:36.812: task completed: 17_R0 of job: 17
INFO 11/28/2020 22:21:42.243: shutting down worker
