INFO 11/28/2020 22:03:13.736: task recieved: 0_M0 of job: 0
INFO 11/28/2020 22:03:14.229: task recieved: 1_M0 of job: 1
INFO 11/28/2020 22:03:15.841: task completed: 1_M0 of job: 1
INFO 11/28/2020 22:03:16.844: task completed: 0_M0 of job: 0
INFO 11/28/2020 22:03:16.849: task recieved: 0_R0 of job: 0
INFO 11/28/2020 22:03:16.959: task recieved: 1_R0 of job: 1
INFO 11/28/2020 22:03:18.547: task recieved: 3_M0 of job: 3
INFO 11/28/2020 22:03:19.465: task recieved: 4_M0 of job: 4
INFO 11/28/2020 22:03:19.466: task recieved: 4_M2 of job: 4
INFO 11/28/2020 22:03:19.638: task recieved: 5_M1 of job: 5
INFO 11/28/2020 22:03:19.817: task recieved: 6_M2 of job: 6
INFO 11/28/2020 22:03:19.847: task completed: 0_R0 of job: 0
INFO 11/28/2020 22:03:19.874: task recieved: 7_M0 of job: 7
INFO 11/28/2020 22:03:20.850: task completed: 3_M0 of job: 3
INFO 11/28/2020 22:03:20.850: task completed: 4_M0 of job: 4
INFO 11/28/2020 22:03:20.850: task completed: 5_M1 of job: 5
INFO 11/28/2020 22:03:21.853: task completed: 1_R0 of job: 1
INFO 11/28/2020 22:03:21.886: task recieved: 8_M0 of job: 8
INFO 11/28/2020 22:03:21.967: task recieved: 5_R1 of job: 5
INFO 11/28/2020 22:03:22.815: task recieved: 9_M1 of job: 9
INFO 11/28/2020 22:03:23.856: task completed: 4_M2 of job: 4
INFO 11/28/2020 22:03:23.857: task completed: 6_M2 of job: 6
INFO 11/28/2020 22:03:23.858: task completed: 7_M0 of job: 7
INFO 11/28/2020 22:03:23.858: task completed: 5_R1 of job: 5
INFO 11/28/2020 22:03:23.869: task recieved: 7_R0 of job: 7
INFO 11/28/2020 22:03:23.871: task recieved: 7_R1 of job: 7
INFO 11/28/2020 22:03:23.960: task recieved: 4_R0 of job: 4
INFO 11/28/2020 22:03:23.964: task recieved: 6_R1 of job: 6
INFO 11/28/2020 22:03:24.054: task recieved: 10_M2 of job: 10
INFO 11/28/2020 22:03:25.863: task completed: 8_M0 of job: 8
INFO 11/28/2020 22:03:25.864: task completed: 9_M1 of job: 9
INFO 11/28/2020 22:03:25.864: task completed: 7_R1 of job: 7
INFO 11/28/2020 22:03:25.870: task recieved: 8_R0 of job: 8
INFO 11/28/2020 22:03:26.866: task completed: 7_R0 of job: 7
INFO 11/28/2020 22:03:26.866: task completed: 10_M2 of job: 10
INFO 11/28/2020 22:03:27.596: task recieved: 12_M0 of job: 12
INFO 11/28/2020 22:03:27.600: task recieved: 12_M2 of job: 12
INFO 11/28/2020 22:03:27.868: task completed: 4_R0 of job: 4
INFO 11/28/2020 22:03:27.869: task completed: 8_R0 of job: 8
INFO 11/28/2020 22:03:27.969: task recieved: 11_R0 of job: 11
INFO 11/28/2020 22:03:28.870: task completed: 6_R1 of job: 6
INFO 11/28/2020 22:03:28.966: task recieved: 10_R0 of job: 10
INFO 11/28/2020 22:03:29.387: task recieved: 13_M1 of job: 13
INFO 11/28/2020 22:03:29.637: task recieved: 14_M1 of job: 14
INFO 11/28/2020 22:03:29.836: task recieved: 15_M0 of job: 15
INFO 11/28/2020 22:03:30.873: task completed: 12_M0 of job: 12
INFO 11/28/2020 22:03:30.873: task completed: 12_M2 of job: 12
INFO 11/28/2020 22:03:30.874: task completed: 11_R0 of job: 11
INFO 11/28/2020 22:03:30.874: task completed: 13_M1 of job: 13
INFO 11/28/2020 22:03:31.839: task recieved: 15_M3 of job: 15
INFO 11/28/2020 22:03:31.839: task recieved: 16_M0 of job: 16
INFO 11/28/2020 22:03:31.839: task recieved: 17_M0 of job: 17
INFO 11/28/2020 22:03:31.876: task completed: 14_M1 of job: 14
INFO 11/28/2020 22:03:32.850: task recieved: 12_R0 of job: 12
INFO 11/28/2020 22:03:32.851: task recieved: 19_M0 of job: 19
INFO 11/28/2020 22:03:32.877: task completed: 10_R0 of job: 10
INFO 11/28/2020 22:03:32.878: task completed: 15_M0 of job: 15
INFO 11/28/2020 22:03:33.880: task completed: 16_M0 of job: 16
INFO 11/28/2020 22:03:33.883: task recieved: 16_R0 of job: 16
INFO 11/28/2020 22:03:34.881: task completed: 12_R0 of job: 12
INFO 11/28/2020 22:03:35.884: task completed: 15_M3 of job: 15
INFO 11/28/2020 22:03:35.884: task completed: 17_M0 of job: 17
INFO 11/28/2020 22:03:35.894: task recieved: 15_R0 of job: 15
INFO 11/28/2020 22:03:35.896: task recieved: 15_R1 of job: 15
INFO 11/28/2020 22:03:35.899: task recieved: 17_R0 of job: 17
INFO 11/28/2020 22:03:35.902: task recieved: 17_R1 of job: 17
INFO 11/28/2020 22:03:36.886: task completed: 19_M0 of job: 19
INFO 11/28/2020 22:03:36.898: task recieved: 19_R1 of job: 19
INFO 11/28/2020 22:03:37.889: task completed: 15_R0 of job: 15
INFO 11/28/2020 22:03:37.891: task completed: 15_R1 of job: 15
INFO 11/28/2020 22:03:38.892: task completed: 16_R0 of job: 16
INFO 11/28/2020 22:03:39.895: task completed: 17_R1 of job: 17
INFO 11/28/2020 22:03:40.900: task completed: 17_R0 of job: 17
INFO 11/28/2020 22:03:41.903: task completed: 19_R1 of job: 19
INFO 11/28/2020 22:04:27.276: shutting down worker
