INFO 11/28/2020 22:03:14.232: task recieved: 1_M1 of job: 1
INFO 11/28/2020 22:03:16.954: task completed: 1_M1 of job: 1
INFO 11/28/2020 22:03:17.227: task recieved: 2_M0 of job: 2
INFO 11/28/2020 22:03:18.547: task recieved: 3_M1 of job: 3
INFO 11/28/2020 22:03:19.465: task recieved: 4_M1 of job: 4
INFO 11/28/2020 22:03:19.637: task recieved: 5_M0 of job: 5
INFO 11/28/2020 22:03:19.816: task recieved: 6_M1 of job: 6
INFO 11/28/2020 22:03:19.958: task completed: 2_M0 of job: 2
INFO 11/28/2020 22:03:19.972: task recieved: 2_R0 of job: 2
INFO 11/28/2020 22:03:21.961: task completed: 5_M0 of job: 5
INFO 11/28/2020 22:03:21.963: task completed: 6_M1 of job: 6
INFO 11/28/2020 22:03:21.963: task completed: 4_M1 of job: 4
INFO 11/28/2020 22:03:21.966: task recieved: 5_R0 of job: 5
INFO 11/28/2020 22:03:22.816: task recieved: 9_M0 of job: 9
INFO 11/28/2020 22:03:22.965: task completed: 3_M1 of job: 3
INFO 11/28/2020 22:03:22.965: task completed: 2_R0 of job: 2
INFO 11/28/2020 22:03:22.971: task recieved: 3_R0 of job: 3
INFO 11/28/2020 22:03:23.963: task recieved: 6_R0 of job: 6
INFO 11/28/2020 22:03:24.052: task recieved: 10_M1 of job: 10
INFO 11/28/2020 22:03:24.968: task completed: 6_R0 of job: 6
INFO 11/28/2020 22:03:25.969: task completed: 3_R0 of job: 3
INFO 11/28/2020 22:03:26.971: task completed: 5_R0 of job: 5
INFO 11/28/2020 22:03:26.972: task completed: 9_M0 of job: 9
INFO 11/28/2020 22:03:26.975: task recieved: 9_R0 of job: 9
INFO 11/28/2020 22:03:27.599: task recieved: 12_M1 of job: 12
INFO 11/28/2020 22:03:27.602: task recieved: 12_M3 of job: 12
INFO 11/28/2020 22:03:27.974: task completed: 10_M1 of job: 10
INFO 11/28/2020 22:03:28.976: task completed: 12_M3 of job: 12
INFO 11/28/2020 22:03:29.387: task recieved: 13_M0 of job: 13
INFO 11/28/2020 22:03:29.633: task recieved: 14_M0 of job: 14
INFO 11/28/2020 22:03:29.646: task recieved: 14_M3 of job: 14
INFO 11/28/2020 22:03:29.977: task completed: 12_M1 of job: 12
INFO 11/28/2020 22:03:30.838: task recieved: 15_M2 of job: 15
INFO 11/28/2020 22:03:31.982: task completed: 9_R0 of job: 9
INFO 11/28/2020 22:03:31.982: task completed: 14_M3 of job: 14
INFO 11/28/2020 22:03:32.850: task recieved: 12_R1 of job: 12
INFO 11/28/2020 22:03:32.851: task recieved: 18_M0 of job: 18
INFO 11/28/2020 22:03:32.984: task completed: 13_M0 of job: 13
INFO 11/28/2020 22:03:32.984: task completed: 15_M2 of job: 15
INFO 11/28/2020 22:03:32.986: task recieved: 13_R1 of job: 13
INFO 11/28/2020 22:03:33.986: task completed: 14_M0 of job: 14
INFO 11/28/2020 22:03:33.986: task completed: 12_R1 of job: 12
INFO 11/28/2020 22:03:33.994: task recieved: 14_R0 of job: 14
INFO 11/28/2020 22:03:33.995: task recieved: 14_R1 of job: 14
INFO 11/28/2020 22:03:35.989: task completed: 18_M0 of job: 18
INFO 11/28/2020 22:03:35.990: task completed: 13_R1 of job: 13
INFO 11/28/2020 22:03:35.999: task recieved: 18_R0 of job: 18
INFO 11/28/2020 22:03:36.895: task recieved: 19_R0 of job: 19
INFO 11/28/2020 22:03:36.991: task completed: 14_R0 of job: 14
INFO 11/28/2020 22:03:37.992: task completed: 14_R1 of job: 14
INFO 11/28/2020 22:03:38.995: task completed: 19_R0 of job: 19
INFO 11/28/2020 22:03:39.997: task completed: 18_R0 of job: 18
INFO 11/28/2020 22:04:26.558: shutting down worker
