INFO 11/28/2020 22:14:15.741: task recieved: 1_M1 of job: 1
INFO 11/28/2020 22:14:17.538: task completed: 1_M1 of job: 1
INFO 11/28/2020 22:14:19.774: task recieved: 2_R0 of job: 2
INFO 11/28/2020 22:14:20.129: task recieved: 0_R0 of job: 0
INFO 11/28/2020 22:14:20.997: task recieved: 4_M2 of job: 4
INFO 11/28/2020 22:14:23.543: task completed: 2_R0 of job: 2
INFO 11/28/2020 22:14:23.544: task completed: 0_R0 of job: 0
INFO 11/28/2020 22:14:24.184: task recieved: 5_R0 of job: 5
INFO 11/28/2020 22:14:24.346: task recieved: 9_M1 of job: 9
INFO 11/28/2020 22:14:25.546: task completed: 4_M2 of job: 4
INFO 11/28/2020 22:14:25.562: task recieved: 4_R1 of job: 4
INFO 11/28/2020 22:14:27.549: task completed: 9_M1 of job: 9
INFO 11/28/2020 22:14:27.787: task recieved: 6_R0 of job: 6
INFO 11/28/2020 22:14:28.551: task completed: 5_R0 of job: 5
INFO 11/28/2020 22:14:28.551: task completed: 4_R1 of job: 4
INFO 11/28/2020 22:14:29.152: task recieved: 9_R0 of job: 9
INFO 11/28/2020 22:14:29.154: task recieved: 12_M1 of job: 12
INFO 11/28/2020 22:14:29.553: task completed: 6_R0 of job: 6
INFO 11/28/2020 22:14:30.154: task recieved: 12_M3 of job: 12
INFO 11/28/2020 22:14:31.555: task completed: 12_M1 of job: 12
INFO 11/28/2020 22:14:31.556: task completed: 12_M3 of job: 12
INFO 11/28/2020 22:14:31.928: task recieved: 14_M0 of job: 14
INFO 11/28/2020 22:14:32.930: task recieved: 14_M2 of job: 14
INFO 11/28/2020 22:14:33.559: task completed: 9_R0 of job: 9
INFO 11/28/2020 22:14:33.938: task recieved: 15_M3 of job: 15
INFO 11/28/2020 22:14:36.562: task completed: 14_M0 of job: 14
INFO 11/28/2020 22:14:36.563: task completed: 14_M2 of job: 14
INFO 11/28/2020 22:14:36.951: task recieved: 16_R0 of job: 16
INFO 11/28/2020 22:14:38.162: task recieved: 18_R0 of job: 18
INFO 11/28/2020 22:14:38.565: task completed: 15_M3 of job: 15
INFO 11/28/2020 22:14:38.807: task recieved: 17_R0 of job: 17
INFO 11/28/2020 22:14:41.569: task completed: 16_R0 of job: 16
INFO 11/28/2020 22:14:41.569: task completed: 18_R0 of job: 18
INFO 11/28/2020 22:14:43.573: task completed: 17_R0 of job: 17
INFO 11/28/2020 22:14:51.511: shutting down worker
