INFO 2020-11-29 18:00:33.341: listener thread spawned successfully
INFO 2020-11-29 18:00:33.342: task thread spawned successfully
INFO 2020-11-29 18:00:33.343: update thread spawned successfully
INFO 2020-11-29 18:00:35.888: task recieved: 1_M0 of job: 1
SUCCESS_TASK 2020-11-29 18:00:37.347: task completed: 1_M0 of job: 1
INFO 2020-11-29 18:00:38.558: task recieved: 0_R0 of job: 0
INFO 2020-11-29 18:00:40.222: task recieved: 3_M0 of job: 3
INFO 2020-11-29 18:00:41.142: task recieved: 4_M1 of job: 4
INFO 2020-11-29 18:00:41.319: task recieved: 5_M0 of job: 5
SUCCESS_TASK 2020-11-29 18:00:41.350: task completed: 0_R0 of job: 0
INFO 2020-11-29 18:00:41.492: task recieved: 6_M1 of job: 6
SUCCESS_TASK 2020-11-29 18:00:42.353: task completed: 3_M0 of job: 3
SUCCESS_TASK 2020-11-29 18:00:42.353: task completed: 5_M0 of job: 5
INFO 2020-11-29 18:00:42.493: task recieved: 7_M0 of job: 7
SUCCESS_TASK 2020-11-29 18:00:43.355: task completed: 4_M1 of job: 4
SUCCESS_TASK 2020-11-29 18:00:43.356: task completed: 6_M1 of job: 6
INFO 2020-11-29 18:00:43.568: task recieved: 8_M0 of job: 8
INFO 2020-11-29 18:00:45.494: task recieved: 9_M1 of job: 9
INFO 2020-11-29 18:00:45.497: task recieved: 4_R1 of job: 4
INFO 2020-11-29 18:00:45.727: task recieved: 10_M2 of job: 10
SUCCESS_TASK 2020-11-29 18:00:46.359: task completed: 7_M0 of job: 7
INFO 2020-11-29 18:00:46.758: task recieved: 7_R0 of job: 7
SUCCESS_TASK 2020-11-29 18:00:47.362: task completed: 8_M0 of job: 8
INFO 2020-11-29 18:00:47.762: task recieved: 6_R0 of job: 6
SUCCESS_TASK 2020-11-29 18:00:48.364: task completed: 4_R1 of job: 4
SUCCESS_TASK 2020-11-29 18:00:48.365: task completed: 10_M2 of job: 10
INFO 2020-11-29 18:00:48.762: task recieved: 8_R0 of job: 8
SUCCESS_TASK 2020-11-29 18:00:49.366: task completed: 9_M1 of job: 9
SUCCESS_TASK 2020-11-29 18:00:49.367: task completed: 7_R0 of job: 7
SUCCESS_TASK 2020-11-29 18:00:49.367: task completed: 6_R0 of job: 6
INFO 2020-11-29 18:00:50.272: task recieved: 12_M1 of job: 12
INFO 2020-11-29 18:00:50.273: task recieved: 9_R0 of job: 9
SUCCESS_TASK 2020-11-29 18:00:50.369: task completed: 8_R0 of job: 8
INFO 2020-11-29 18:00:51.064: task recieved: 13_M0 of job: 13
INFO 2020-11-29 18:00:52.064: task recieved: 13_M2 of job: 13
SUCCESS_TASK 2020-11-29 18:00:52.371: task completed: 12_M1 of job: 12
INFO 2020-11-29 18:00:53.066: task recieved: 14_M1 of job: 14
INFO 2020-11-29 18:00:54.071: task recieved: 14_M3 of job: 14
INFO 2020-11-29 18:00:54.075: task recieved: 15_M2 of job: 15
SUCCESS_TASK 2020-11-29 18:00:54.374: task completed: 9_R0 of job: 9
SUCCESS_TASK 2020-11-29 18:00:54.375: task completed: 13_M0 of job: 13
SUCCESS_TASK 2020-11-29 18:00:54.376: task completed: 13_M2 of job: 13
INFO 2020-11-29 18:00:55.080: task recieved: 16_M0 of job: 16
INFO 2020-11-29 18:00:55.081: task recieved: 19_M0 of job: 19
SUCCESS_TASK 2020-11-29 18:00:55.378: task completed: 14_M1 of job: 14
INFO 2020-11-29 18:00:56.086: task recieved: 12_R1 of job: 12
SUCCESS_TASK 2020-11-29 18:00:56.380: task completed: 14_M3 of job: 14
SUCCESS_TASK 2020-11-29 18:00:56.381: task completed: 15_M2 of job: 15
INFO 2020-11-29 18:00:57.091: task recieved: 13_R1 of job: 13
SUCCESS_TASK 2020-11-29 18:00:57.382: task completed: 16_M0 of job: 16
SUCCESS_TASK 2020-11-29 18:00:57.383: task completed: 12_R1 of job: 12
INFO 2020-11-29 18:00:57.601: task recieved: 14_R1 of job: 14
INFO 2020-11-29 18:00:59.199: task recieved: 17_R1 of job: 17
SUCCESS_TASK 2020-11-29 18:00:59.386: task completed: 19_M0 of job: 19
SUCCESS_TASK 2020-11-29 18:00:59.387: task completed: 13_R1 of job: 13
INFO 2020-11-29 18:00:59.605: task recieved: 15_R0 of job: 15
SUCCESS_TASK 2020-11-29 18:01:01.390: task completed: 14_R1 of job: 14
SUCCESS_TASK 2020-11-29 18:01:01.390: task completed: 15_R0 of job: 15
SUCCESS_TASK 2020-11-29 18:01:02.392: task completed: 17_R1 of job: 17
INFO 2020-11-29 18:01:23.709: shutting down worker
