INFO 11/28/2020 22:14:15.261: task recieved: 0_M0 of job: 0
INFO 11/28/2020 22:14:17.540: task recieved: 1_R0 of job: 1
INFO 11/28/2020 22:14:20.080: task recieved: 3_M0 of job: 3
INFO 11/28/2020 22:14:20.124: task completed: 0_M0 of job: 0
INFO 11/28/2020 22:14:20.996: task recieved: 4_M0 of job: 4
INFO 11/28/2020 22:14:20.997: task recieved: 4_M3 of job: 4
INFO 11/28/2020 22:14:22.127: task completed: 1_R0 of job: 1
INFO 11/28/2020 22:14:22.127: task completed: 3_M0 of job: 3
INFO 11/28/2020 22:14:22.128: task completed: 4_M0 of job: 4
INFO 11/28/2020 22:14:22.177: task recieved: 5_M1 of job: 5
INFO 11/28/2020 22:14:23.178: task recieved: 6_M1 of job: 6
INFO 11/28/2020 22:14:24.130: task completed: 4_M3 of job: 4
INFO 11/28/2020 22:14:24.131: task completed: 5_M1 of job: 5
INFO 11/28/2020 22:14:24.182: task recieved: 7_M0 of job: 7
INFO 11/28/2020 22:14:24.185: task recieved: 5_R1 of job: 5
INFO 11/28/2020 22:14:24.777: task recieved: 3_R0 of job: 3
INFO 11/28/2020 22:14:25.133: task completed: 6_M1 of job: 6
INFO 11/28/2020 22:14:25.591: task recieved: 10_M0 of job: 10
INFO 11/28/2020 22:14:26.135: task completed: 5_R1 of job: 5
INFO 11/28/2020 22:14:26.594: task recieved: 10_M2 of job: 10
INFO 11/28/2020 22:14:27.137: task completed: 3_R0 of job: 3
INFO 11/28/2020 22:14:27.786: task recieved: 6_R1 of job: 6
INFO 11/28/2020 22:14:28.139: task completed: 7_M0 of job: 7
INFO 11/28/2020 22:14:29.142: task completed: 10_M0 of job: 10
INFO 11/28/2020 22:14:29.142: task completed: 10_M2 of job: 10
INFO 11/28/2020 22:14:29.150: task recieved: 7_R0 of job: 7
INFO 11/28/2020 22:14:29.152: task recieved: 11_R0 of job: 11
INFO 11/28/2020 22:14:30.154: task recieved: 10_R0 of job: 10
INFO 11/28/2020 22:14:31.927: task recieved: 13_M1 of job: 13
INFO 11/28/2020 22:14:32.146: task completed: 6_R1 of job: 6
INFO 11/28/2020 22:14:32.146: task completed: 7_R0 of job: 7
INFO 11/28/2020 22:14:32.146: task completed: 11_R0 of job: 11
INFO 11/28/2020 22:14:32.932: task recieved: 14_M3 of job: 14
INFO 11/28/2020 22:14:33.148: task completed: 13_M1 of job: 13
INFO 11/28/2020 22:14:33.935: task recieved: 15_M1 of job: 15
INFO 11/28/2020 22:14:33.939: task recieved: 16_M0 of job: 16
INFO 11/28/2020 22:14:34.150: task completed: 10_R0 of job: 10
INFO 11/28/2020 22:14:34.942: task recieved: 18_M0 of job: 18
INFO 11/28/2020 22:14:35.152: task completed: 14_M3 of job: 14
INFO 11/28/2020 22:14:35.946: task recieved: 12_R0 of job: 12
INFO 11/28/2020 22:14:36.154: task completed: 15_M1 of job: 15
INFO 11/28/2020 22:14:36.154: task completed: 16_M0 of job: 16
INFO 11/28/2020 22:14:36.948: task recieved: 13_R0 of job: 13
INFO 11/28/2020 22:14:36.951: task recieved: 14_R0 of job: 14
INFO 11/28/2020 22:14:38.157: task completed: 18_M0 of job: 18
INFO 11/28/2020 22:14:38.158: task completed: 12_R0 of job: 12
INFO 11/28/2020 22:14:38.570: task recieved: 15_R0 of job: 15
INFO 11/28/2020 22:14:38.807: task recieved: 17_R1 of job: 17
INFO 11/28/2020 22:14:39.160: task completed: 14_R0 of job: 14
INFO 11/28/2020 22:14:40.162: task completed: 13_R0 of job: 13
INFO 11/28/2020 22:14:40.162: task completed: 15_R0 of job: 15
INFO 11/28/2020 22:14:40.813: task recieved: 19_R1 of job: 19
INFO 11/28/2020 22:14:42.165: task completed: 17_R1 of job: 17
INFO 11/28/2020 22:14:45.169: task completed: 19_R1 of job: 19
INFO 11/28/2020 22:14:50.396: shutting down worker
